Analysis & Synthesis report for 1201_2016
Wed Feb 22 09:47:09 2017
Quartus II 64-Bit Version 13.0.1 Build 232 06/12/2013 Service Pack 1 SJ Web Edition


---------------------
; Table of Contents ;
---------------------
  1. Legal Notice
  2. Analysis & Synthesis Summary
  3. Analysis & Synthesis Settings
  4. Parallel Compilation
  5. Analysis & Synthesis Source Files Read
  6. Analysis & Synthesis Resource Usage Summary
  7. Analysis & Synthesis Resource Utilization by Entity
  8. Analysis & Synthesis Messages



----------------
; Legal Notice ;
----------------
Copyright (C) 1991-2013 Altera Corporation
Your use of Altera Corporation's design tools, logic functions 
and other software and tools, and its AMPP partner logic 
functions, and any output files from any of the foregoing 
(including device programming or simulation files), and any 
associated documentation or information are expressly subject 
to the terms and conditions of the Altera Program License 
Subscription Agreement, Altera MegaCore Function License 
Agreement, or other applicable license agreement, including, 
without limitation, that your use is for the sole purpose of 
programming logic devices manufactured by Altera and sold by 
Altera or its authorized distributors.  Please refer to the 
applicable agreement for further details.



+-------------------------------------------------------------------------------+
; Analysis & Synthesis Summary                                                  ;
+-----------------------------+-------------------------------------------------+
; Analysis & Synthesis Status ; Successful - Wed Feb 22 09:47:09 2017           ;
; Quartus II 64-Bit Version   ; 13.0.1 Build 232 06/12/2013 SP 1 SJ Web Edition ;
; Revision Name               ; 1201_2016                                       ;
; Top-level Entity Name       ; 1201_2016                                       ;
; Family                      ; MAX7000S                                        ;
; Total macrocells            ; 108                                             ;
; Total pins                  ; 111                                             ;
+-----------------------------+-------------------------------------------------+


+---------------------------------------------------------------------------------------------------------------+
; Analysis & Synthesis Settings                                                                                 ;
+----------------------------------------------------------------------------+------------------+---------------+
; Option                                                                     ; Setting          ; Default Value ;
+----------------------------------------------------------------------------+------------------+---------------+
; Device                                                                     ; EPM7256SRI208-10 ;               ;
; Top-level entity name                                                      ; 1201_2016        ; 1201_2016     ;
; Family name                                                                ; MAX7000S         ; Cyclone IV GX ;
; Use smart compilation                                                      ; Off              ; Off           ;
; Enable parallel Assembler and TimeQuest Timing Analyzer during compilation ; On               ; On            ;
; Enable compact report table                                                ; Off              ; Off           ;
; Create Debugging Nodes for IP Cores                                        ; Off              ; Off           ;
; Preserve fewer node names                                                  ; On               ; On            ;
; Disable OpenCore Plus hardware evaluation                                  ; Off              ; Off           ;
; Verilog Version                                                            ; Verilog_2001     ; Verilog_2001  ;
; VHDL Version                                                               ; VHDL_1993        ; VHDL_1993     ;
; State Machine Processing                                                   ; Auto             ; Auto          ;
; Safe State Machine                                                         ; Off              ; Off           ;
; Extract Verilog State Machines                                             ; On               ; On            ;
; Extract VHDL State Machines                                                ; On               ; On            ;
; Ignore Verilog initial constructs                                          ; Off              ; Off           ;
; Iteration limit for constant Verilog loops                                 ; 5000             ; 5000          ;
; Iteration limit for non-constant Verilog loops                             ; 250              ; 250           ;
; Add Pass-Through Logic to Inferred RAMs                                    ; On               ; On            ;
; Infer RAMs from Raw Logic                                                  ; On               ; On            ;
; Parallel Synthesis                                                         ; On               ; On            ;
; NOT Gate Push-Back                                                         ; On               ; On            ;
; Power-Up Don't Care                                                        ; On               ; On            ;
; Remove Duplicate Registers                                                 ; On               ; On            ;
; Ignore CARRY Buffers                                                       ; Off              ; Off           ;
; Ignore CASCADE Buffers                                                     ; Off              ; Off           ;
; Ignore GLOBAL Buffers                                                      ; Off              ; Off           ;
; Ignore ROW GLOBAL Buffers                                                  ; Off              ; Off           ;
; Ignore LCELL Buffers                                                       ; Auto             ; Auto          ;
; Ignore SOFT Buffers                                                        ; Off              ; Off           ;
; Limit AHDL Integers to 32 Bits                                             ; Off              ; Off           ;
; Optimization Technique                                                     ; Speed            ; Speed         ;
; Allow XOR Gate Usage                                                       ; On               ; On            ;
; Auto Logic Cell Insertion                                                  ; On               ; On            ;
; Parallel Expander Chain Length                                             ; 4                ; 4             ;
; Auto Parallel Expanders                                                    ; On               ; On            ;
; Auto Open-Drain Pins                                                       ; On               ; On            ;
; Auto Resource Sharing                                                      ; Off              ; Off           ;
; Maximum Fan-in Per Macrocell                                               ; 100              ; 100           ;
; Use LogicLock Constraints during Resource Balancing                        ; On               ; On            ;
; Ignore translate_off and synthesis_off directives                          ; Off              ; Off           ;
; Report Parameter Settings                                                  ; On               ; On            ;
; Report Source Assignments                                                  ; On               ; On            ;
; Report Connectivity Checks                                                 ; On               ; On            ;
; HDL message level                                                          ; Level2           ; Level2        ;
; Suppress Register Optimization Related Messages                            ; Off              ; Off           ;
; Number of Removed Registers Reported in Synthesis Report                   ; 5000             ; 5000          ;
; Number of Swept Nodes Reported in Synthesis Report                         ; 5000             ; 5000          ;
; Number of Inverted Registers Reported in Synthesis Report                  ; 100              ; 100           ;
; Block Design Naming                                                        ; Auto             ; Auto          ;
; Synthesis Effort                                                           ; Auto             ; Auto          ;
; Shift Register Replacement - Allow Asynchronous Clear Signal               ; On               ; On            ;
; Pre-Mapping Resynthesis Optimization                                       ; Off              ; Off           ;
; Analysis & Synthesis Message Level                                         ; Medium           ; Medium        ;
; Disable Register Merging Across Hierarchies                                ; Auto             ; Auto          ;
; Synthesis Seed                                                             ; 1                ; 1             ;
+----------------------------------------------------------------------------+------------------+---------------+


+------------------------------------------+
; Parallel Compilation                     ;
+----------------------------+-------------+
; Processors                 ; Number      ;
+----------------------------+-------------+
; Number detected on machine ; 4           ;
; Maximum allowed            ; 2           ;
;                            ;             ;
; Average used               ; 1.00        ;
; Maximum used               ; 1           ;
;                            ;             ;
; Usage by Processor         ; % Time Used ;
;     Processor 1            ; 100.0%      ;
;     Processors 2-4         ;   0.0%      ;
+----------------------------+-------------+


+-------------------------------------------------------------------------------------------------------------------------------------------------------------------+
; Analysis & Synthesis Source Files Read                                                                                                                            ;
+----------------------------------+-----------------+------------------------------------+---------------------------------------------------------------+---------+
; File Name with User-Entered Path ; Used in Netlist ; File Type                          ; File Name with Absolute Path                                  ; Library ;
+----------------------------------+-----------------+------------------------------------+---------------------------------------------------------------+---------+
; 1201_2016.bdf                    ; yes             ; User Block Diagram/Schematic File  ; D:/111/MC1201_2016/1201_2016/1201_2016/1201_2016.bdf          ;         ;
; 065_c.v                          ; yes             ; User Verilog HDL File              ; D:/111/MC1201_2016/1201_2016/1201_2016/065_c.v                ;         ;
; btri.bdf                         ; yes             ; Megafunction                       ; c:/altera/13.0sp1/quartus/libraries/others/maxplus2/btri.bdf  ;         ;
; 21mux.bdf                        ; yes             ; Megafunction                       ; c:/altera/13.0sp1/quartus/libraries/others/maxplus2/21mux.bdf ;         ;
+----------------------------------+-----------------+------------------------------------+---------------------------------------------------------------+---------+


+---------------------------------------------+
; Analysis & Synthesis Resource Usage Summary ;
+----------------------+----------------------+
; Resource             ; Usage                ;
+----------------------+----------------------+
; Logic cells          ; 108                  ;
; Total registers      ; 36                   ;
; I/O pins             ; 111                  ;
; Shareable expanders  ; 4                    ;
; Parallel expanders   ; 3                    ;
; Maximum fan-out node ; inst108~32           ;
; Maximum fan-out      ; 25                   ;
; Total fan-out        ; 443                  ;
; Average fan-out      ; 1.99                 ;
+----------------------+----------------------+


+------------------------------------------------------------------------------------------+
; Analysis & Synthesis Resource Utilization by Entity                                      ;
+----------------------------+------------+------+--------------------------+--------------+
; Compilation Hierarchy Node ; Macrocells ; Pins ; Full Hierarchy Name      ; Library Name ;
+----------------------------+------------+------+--------------------------+--------------+
; |1201_2016                 ; 108        ; 111  ; |1201_2016               ; work         ;
;    |21mux:inst133|         ; 1          ; 0    ; |1201_2016|21mux:inst133 ; work         ;
+----------------------------+------------+------+--------------------------+--------------+


+-------------------------------+
; Analysis & Synthesis Messages ;
+-------------------------------+
Info: *******************************************************************
Info: Running Quartus II 64-Bit Analysis & Synthesis
    Info: Version 13.0.1 Build 232 06/12/2013 Service Pack 1 SJ Web Edition
    Info: Processing started: Wed Feb 22 09:46:59 2017
Info: Command: quartus_map --read_settings_files=on --write_settings_files=off 1201_2016 -c 1201_2016
Info (11104): Parallel Compilation has detected 4 hyper-threaded processors. However, the extra hyper-threaded processors will not be used by default. Parallel Compilation will use 2 of the 2 physical processors detected instead.
Info (12021): Found 1 design units, including 1 entities, in source file 1201_2016.bdf
    Info (12023): Found entity 1: 1201_2016
Info (12021): Found 1 design units, including 1 entities, in source file 065_c.v
    Info (12023): Found entity 1: contr_065
Info (12127): Elaborating entity "1201_2016" for the top level hierarchy
Warning (275043): Pin "LED2" is missing source
Warning (275009): Pin "BDIN" not connected
Info (12128): Elaborating entity "btri" for hierarchy "btri:inst29"
Info (12130): Elaborated megafunction instantiation "btri:inst29"
Info (12128): Elaborating entity "21mux" for hierarchy "21mux:inst133"
Info (12130): Elaborated megafunction instantiation "21mux:inst133"
Info (12128): Elaborating entity "contr_065" for hierarchy "contr_065:inst129"
Warning (13039): The following bidir pins have no drivers
    Warning (13040): Bidir "BAD" has no driver
    Warning (13040): Bidir "BAD" has no driver
    Warning (13040): Bidir "BAD" has no driver
    Warning (13040): Bidir "BAD" has no driver
    Warning (13040): Bidir "BAD" has no driver
    Warning (13040): Bidir "BAD" has no driver
    Warning (13040): Bidir "BAD" has no driver
    Warning (13040): Bidir "BAD" has no driver
    Warning (13040): Bidir "BAD" has no driver
    Warning (13040): Bidir "BAD" has no driver
    Warning (13040): Bidir "BAD" has no driver
    Warning (13040): Bidir "BAD" has no driver
    Warning (13040): Bidir "BAD" has no driver
    Warning (13040): Bidir "BAD" has no driver
Info (13000): Registers with preset signals will power-up high
Warning (13024): Output pins are stuck at VCC or GND
    Warning (13410): Pin "WO" is stuck at GND
    Warning (13410): Pin "LED2" is stuck at GND
    Warning (13410): Pin "ROM3" is stuck at VCC
    Warning (13410): Pin "ROM2" is stuck at GND
    Warning (13410): Pin "FR[3]" is stuck at VCC
    Warning (13410): Pin "FR[2]" is stuck at GND
    Warning (13410): Pin "FR[0]" is stuck at VCC
Info (280013): Promoted pin-driven signal(s) to global signal
    Info (280014): Promoted clock signal driven by pin "Main_CLK" to global clock signal
Warning (21074): Design contains 1 input pin(s) that do not drive logic
    Warning (15610): No output dependent on input pin "BDIN"
Info (21057): Implemented 223 device resources after synthesis - the final resource count might be different
    Info (21058): Implemented 29 input pins
    Info (21059): Implemented 60 output pins
    Info (21060): Implemented 22 bidirectional pins
    Info (21063): Implemented 108 macrocells
    Info (21073): Implemented 4 shareable expanders
Info: Quartus II 64-Bit Analysis & Synthesis was successful. 0 errors, 27 warnings
    Info: Peak virtual memory: 425 megabytes
    Info: Processing ended: Wed Feb 22 09:47:10 2017
    Info: Elapsed time: 00:00:11
    Info: Total CPU time (on all processors): 00:00:01


