Analysis & Synthesis report for mgmrm
Thu Dec 01 16:14:37 2016
Quartus II 64-Bit Version 13.0.1 Build 232 06/12/2013 Service Pack 1 SJ Web Edition


---------------------
; Table of Contents ;
---------------------
  1. Legal Notice
  2. Analysis & Synthesis Summary
  3. Analysis & Synthesis Settings
  4. Parallel Compilation
  5. Analysis & Synthesis Source Files Read
  6. Analysis & Synthesis Messages



----------------
; Legal Notice ;
----------------
Copyright (C) 1991-2013 Altera Corporation
Your use of Altera Corporation's design tools, logic functions 
and other software and tools, and its AMPP partner logic 
functions, and any output files from any of the foregoing 
(including device programming or simulation files), and any 
associated documentation or information are expressly subject 
to the terms and conditions of the Altera Program License 
Subscription Agreement, Altera MegaCore Function License 
Agreement, or other applicable license agreement, including, 
without limitation, that your use is for the sole purpose of 
programming logic devices manufactured by Altera and sold by 
Altera or its authorized distributors.  Please refer to the 
applicable agreement for further details.



+-------------------------------------------------------------------------------+
; Analysis & Synthesis Summary                                                  ;
+-----------------------------+-------------------------------------------------+
; Analysis & Synthesis Status ; Failed - Thu Dec 01 16:14:37 2016               ;
; Quartus II 64-Bit Version   ; 13.0.1 Build 232 06/12/2013 SP 1 SJ Web Edition ;
; Revision Name               ; mgmrm                                           ;
; Top-level Entity Name       ; mgmrm                                           ;
; Family                      ; MAX7000S                                        ;
+-----------------------------+-------------------------------------------------+


+-----------------------------------------------------------------------------------------------------------+
; Analysis & Synthesis Settings                                                                             ;
+----------------------------------------------------------------------------+--------------+---------------+
; Option                                                                     ; Setting      ; Default Value ;
+----------------------------------------------------------------------------+--------------+---------------+
; Top-level entity name                                                      ; mgmrm        ; mgmrm         ;
; Family name                                                                ; MAX7000S     ; Cyclone IV GX ;
; Use smart compilation                                                      ; Off          ; Off           ;
; Enable parallel Assembler and TimeQuest Timing Analyzer during compilation ; On           ; On            ;
; Enable compact report table                                                ; Off          ; Off           ;
; Create Debugging Nodes for IP Cores                                        ; Off          ; Off           ;
; Preserve fewer node names                                                  ; On           ; On            ;
; Disable OpenCore Plus hardware evaluation                                  ; Off          ; Off           ;
; Verilog Version                                                            ; Verilog_2001 ; Verilog_2001  ;
; VHDL Version                                                               ; VHDL_1993    ; VHDL_1993     ;
; State Machine Processing                                                   ; Auto         ; Auto          ;
; Safe State Machine                                                         ; Off          ; Off           ;
; Extract Verilog State Machines                                             ; On           ; On            ;
; Extract VHDL State Machines                                                ; On           ; On            ;
; Ignore Verilog initial constructs                                          ; Off          ; Off           ;
; Iteration limit for constant Verilog loops                                 ; 5000         ; 5000          ;
; Iteration limit for non-constant Verilog loops                             ; 250          ; 250           ;
; Add Pass-Through Logic to Inferred RAMs                                    ; On           ; On            ;
; Infer RAMs from Raw Logic                                                  ; On           ; On            ;
; Parallel Synthesis                                                         ; On           ; On            ;
; NOT Gate Push-Back                                                         ; On           ; On            ;
; Power-Up Don't Care                                                        ; On           ; On            ;
; Remove Duplicate Registers                                                 ; On           ; On            ;
; Ignore CARRY Buffers                                                       ; Off          ; Off           ;
; Ignore CASCADE Buffers                                                     ; Off          ; Off           ;
; Ignore GLOBAL Buffers                                                      ; Off          ; Off           ;
; Ignore ROW GLOBAL Buffers                                                  ; Off          ; Off           ;
; Ignore LCELL Buffers                                                       ; Auto         ; Auto          ;
; Ignore SOFT Buffers                                                        ; Off          ; Off           ;
; Limit AHDL Integers to 32 Bits                                             ; Off          ; Off           ;
; Optimization Technique                                                     ; Speed        ; Speed         ;
; Allow XOR Gate Usage                                                       ; On           ; On            ;
; Auto Logic Cell Insertion                                                  ; On           ; On            ;
; Parallel Expander Chain Length                                             ; 4            ; 4             ;
; Auto Parallel Expanders                                                    ; On           ; On            ;
; Auto Open-Drain Pins                                                       ; On           ; On            ;
; Auto Resource Sharing                                                      ; Off          ; Off           ;
; Maximum Fan-in Per Macrocell                                               ; 100          ; 100           ;
; Use LogicLock Constraints during Resource Balancing                        ; On           ; On            ;
; Ignore translate_off and synthesis_off directives                          ; Off          ; Off           ;
; Report Parameter Settings                                                  ; On           ; On            ;
; Report Source Assignments                                                  ; On           ; On            ;
; Report Connectivity Checks                                                 ; On           ; On            ;
; HDL message level                                                          ; Level2       ; Level2        ;
; Suppress Register Optimization Related Messages                            ; Off          ; Off           ;
; Number of Removed Registers Reported in Synthesis Report                   ; 5000         ; 5000          ;
; Number of Swept Nodes Reported in Synthesis Report                         ; 5000         ; 5000          ;
; Number of Inverted Registers Reported in Synthesis Report                  ; 100          ; 100           ;
; Block Design Naming                                                        ; Auto         ; Auto          ;
; Synthesis Effort                                                           ; Auto         ; Auto          ;
; Shift Register Replacement - Allow Asynchronous Clear Signal               ; On           ; On            ;
; Pre-Mapping Resynthesis Optimization                                       ; Off          ; Off           ;
; Analysis & Synthesis Message Level                                         ; Medium       ; Medium        ;
; Disable Register Merging Across Hierarchies                                ; Auto         ; Auto          ;
; Synthesis Seed                                                             ; 1            ; 1             ;
+----------------------------------------------------------------------------+--------------+---------------+


+------------------------------------------+
; Parallel Compilation                     ;
+----------------------------+-------------+
; Processors                 ; Number      ;
+----------------------------+-------------+
; Number detected on machine ; 8           ;
; Maximum allowed            ; 4           ;
;                            ;             ;
; Average used               ; 1.00        ;
; Maximum used               ; 1           ;
;                            ;             ;
; Usage by Processor         ; % Time Used ;
;     Processor 1            ; 100.0%      ;
;     Processors 2-8         ;   0.0%      ;
+----------------------------+-------------+


+----------------------------------------------------------------------------------------------------------------------------------------------------------------------------------------+
; Analysis & Synthesis Source Files Read                                                                                                                                                 ;
+----------------------------------------------------------------+-----------------+------------------------+------------------------------------------------------------------+---------+
; File Name with User-Entered Path                               ; Used in Netlist ; File Type              ; File Name with Absolute Path                                     ; Library ;
+----------------------------------------------------------------+-----------------+------------------------+------------------------------------------------------------------+---------+
; C:/altera/13.0sp1/1201_SRAM_4M/greybox_tmp/greybox_tmp/mgmrm.v ; yes             ; User Verilog HDL File  ; C:/altera/13.0sp1/1201_SRAM_4M/greybox_tmp/greybox_tmp/mgmrm.v   ;         ;
; lpm_ram_dq.tdf                                                 ; yes             ; Megafunction           ; c:/altera/13.0sp1/quartus/libraries/megafunctions/lpm_ram_dq.tdf ;         ;
; altram.inc                                                     ; yes             ; Megafunction           ; c:/altera/13.0sp1/quartus/libraries/megafunctions/altram.inc     ;         ;
; lpm_mux.inc                                                    ; yes             ; Megafunction           ; c:/altera/13.0sp1/quartus/libraries/megafunctions/lpm_mux.inc    ;         ;
; lpm_decode.inc                                                 ; yes             ; Megafunction           ; c:/altera/13.0sp1/quartus/libraries/megafunctions/lpm_decode.inc ;         ;
; aglobal130.inc                                                 ; yes             ; Megafunction           ; c:/altera/13.0sp1/quartus/libraries/megafunctions/aglobal130.inc ;         ;
; altram.tdf                                                     ; yes             ; Megafunction           ; c:/altera/13.0sp1/quartus/libraries/megafunctions/altram.tdf     ;         ;
; memmodes.inc                                                   ; yes             ; Megafunction           ; c:/altera/13.0sp1/quartus/libraries/others/maxplus2/memmodes.inc ;         ;
; altsyncram.inc                                                 ; yes             ; Megafunction           ; c:/altera/13.0sp1/quartus/libraries/megafunctions/altsyncram.inc ;         ;
+----------------------------------------------------------------+-----------------+------------------------+------------------------------------------------------------------+---------+


+-------------------------------+
; Analysis & Synthesis Messages ;
+-------------------------------+
Info: *******************************************************************
Info: Running Quartus II 64-Bit Analysis & Synthesis
    Info: Version 13.0.1 Build 232 06/12/2013 Service Pack 1 SJ Web Edition
    Info: Copyright (C) 1991-2013 Altera Corporation. All rights reserved.
    Info: Your use of Altera Corporation's design tools, logic functions 
    Info: and other software and tools, and its AMPP partner logic 
    Info: functions, and any output files from any of the foregoing 
    Info: (including device programming or simulation files), and any 
    Info: associated documentation or information are expressly subject 
    Info: to the terms and conditions of the Altera Program License 
    Info: Subscription Agreement, Altera MegaCore Function License 
    Info: Agreement, or other applicable license agreement, including, 
    Info: without limitation, that your use is for the sole purpose of 
    Info: programming logic devices manufactured by Altera and sold by 
    Info: Altera or its authorized distributors.  Please refer to the 
    Info: applicable agreement for further details.
    Info: Processing started: Thu Dec 01 16:14:36 2016
Info: Command: quartus_map mgmrm --source=C:\altera\13.0sp1\1201_SRAM_4M\greybox_tmp/greybox_tmp/mgmrm.v --ini=greybox_disable_cut_checks=on --family=MAX7000S
Info (11104): Parallel Compilation has detected 8 hyper-threaded processors. However, the extra hyper-threaded processors will not be used by default. Parallel Compilation will use 4 of the 4 physical processors detected instead.
Info (12021): Found 1 design units, including 1 entities, in source file mgmrm.v
    Info (12023): Found entity 1: mgmrm
Info (12127): Elaborating entity "mgmrm" for the top level hierarchy
Info (12128): Elaborating entity "lpm_ram_dq" for hierarchy "lpm_ram_dq:mgl_prim1"
Info (12130): Elaborated megafunction instantiation "lpm_ram_dq:mgl_prim1"
Info (12133): Instantiated megafunction "lpm_ram_dq:mgl_prim1" with the following parameter:
    Info (12134): Parameter "intended_device_family" = "MAX7000S"
    Info (12134): Parameter "lpm_address_control" = "REGISTERED"
    Info (12134): Parameter "lpm_file" = "../vga_hw_tes/1024.hex"
    Info (12134): Parameter "lpm_indata" = "REGISTERED"
    Info (12134): Parameter "lpm_outdata" = "REGISTERED"
    Info (12134): Parameter "lpm_width" = "8"
    Info (12134): Parameter "lpm_widthad" = "15"
Info (12128): Elaborating entity "altram" for hierarchy "lpm_ram_dq:mgl_prim1|altram:sram"
Error (287078): Assertion error: Current device family (MAX7000S) does not support more than 2048 memory words File: c:/altera/13.0sp1/quartus/libraries/megafunctions/altram.tdf Line: 259
Warning (287001): Assertion warning: Current device family (MAX7000S) does not support synchronous RAM -- implementing the synchronous RAM as a DFFE array instead
Warning (287001): Assertion warning: Ignored FILE parameter -- the MAX7000S device family (for LE implementation) does not support RAM initialization
Error (287084): Symbolic name "dffs" is used but not defined as a group File: c:/altera/13.0sp1/quartus/libraries/megafunctions/altram.tdf Line: 444
Error (287092): Symbolic name "dffs" cannot have port File: c:/altera/13.0sp1/quartus/libraries/megafunctions/altram.tdf Line: 444
Error (287109): Expression to the left of period (.) must be symbolic name for megafunction, macrofunction, primitive, or state machine File: c:/altera/13.0sp1/quartus/libraries/megafunctions/altram.tdf Line: 444
Error (287084): Symbolic name "ffaddress" is used but not defined as a group File: c:/altera/13.0sp1/quartus/libraries/megafunctions/altram.tdf Line: 445
Error (287092): Symbolic name "ffaddress" cannot have port File: c:/altera/13.0sp1/quartus/libraries/megafunctions/altram.tdf Line: 445
Error (287109): Expression to the left of period (.) must be symbolic name for megafunction, macrofunction, primitive, or state machine File: c:/altera/13.0sp1/quartus/libraries/megafunctions/altram.tdf Line: 445
Error (287084): Symbolic name "ffaddress" is used but not defined as a group File: c:/altera/13.0sp1/quartus/libraries/megafunctions/altram.tdf Line: 446
Error (287097): Left of Boolean equation cannot contain text "d" File: c:/altera/13.0sp1/quartus/libraries/megafunctions/altram.tdf Line: 446
Error (287114): Groups cannot be assigned to nodes File: c:/altera/13.0sp1/quartus/libraries/megafunctions/altram.tdf Line: 446
Error (287092): Symbolic name "decode" cannot have port File: c:/altera/13.0sp1/quartus/libraries/megafunctions/altram.tdf Line: 447
Error (287109): Expression to the left of period (.) must be symbolic name for megafunction, macrofunction, primitive, or state machine File: c:/altera/13.0sp1/quartus/libraries/megafunctions/altram.tdf Line: 447
Error (287114): Groups cannot be assigned to nodes File: c:/altera/13.0sp1/quartus/libraries/megafunctions/altram.tdf Line: 447
Error (287097): Left of Boolean equation cannot contain text "enable" File: c:/altera/13.0sp1/quartus/libraries/megafunctions/altram.tdf Line: 448
Error (287084): Symbolic name "dffs" is used but not defined as a group File: c:/altera/13.0sp1/quartus/libraries/megafunctions/altram.tdf Line: 450
Error (287097): Left of Boolean equation cannot contain text "d" File: c:/altera/13.0sp1/quartus/libraries/megafunctions/altram.tdf Line: 450
Error (287114): Groups cannot be assigned to nodes File: c:/altera/13.0sp1/quartus/libraries/megafunctions/altram.tdf Line: 450
Error (287084): Symbolic name "dffs" is used but not defined as a group File: c:/altera/13.0sp1/quartus/libraries/megafunctions/altram.tdf Line: 451
Error (287097): Left of Boolean equation cannot contain text "ena" File: c:/altera/13.0sp1/quartus/libraries/megafunctions/altram.tdf Line: 451
Warning (287019): Symbolic name "eq" is used but not defined as a group -- attempted to use existing nodes
Error (287093): Symbolic name "eq0" must be port of megafunction, macrofunction, primitive, or state machine "decode" File: c:/altera/13.0sp1/quartus/libraries/megafunctions/altram.tdf Line: 451
Error (287093): Symbolic name "eq0" must be port of megafunction, macrofunction, primitive, or state machine "decode" File: c:/altera/13.0sp1/quartus/libraries/megafunctions/altram.tdf Line: 451
Error (287084): Symbolic name "dffs" is used but not defined as a group File: c:/altera/13.0sp1/quartus/libraries/megafunctions/altram.tdf Line: 450
Error (287114): Groups cannot be assigned to nodes File: c:/altera/13.0sp1/quartus/libraries/megafunctions/altram.tdf Line: 450
Error (287084): Symbolic name "dffs" is used but not defined as a group File: c:/altera/13.0sp1/quartus/libraries/megafunctions/altram.tdf Line: 451
Warning (287019): Symbolic name "eq" is used but not defined as a group -- attempted to use existing nodes
Error (287093): Symbolic name "eq1" must be port of megafunction, macrofunction, primitive, or state machine "decode" File: c:/altera/13.0sp1/quartus/libraries/megafunctions/altram.tdf Line: 451
Error (287093): Symbolic name "eq1" must be port of megafunction, macrofunction, primitive, or state machine "decode" File: c:/altera/13.0sp1/quartus/libraries/megafunctions/altram.tdf Line: 451
Error (287084): Symbolic name "dffs" is used but not defined as a group File: c:/altera/13.0sp1/quartus/libraries/megafunctions/altram.tdf Line: 450
Error (287114): Groups cannot be assigned to nodes File: c:/altera/13.0sp1/quartus/libraries/megafunctions/altram.tdf Line: 450
Error (287084): Symbolic name "dffs" is used but not defined as a group File: c:/altera/13.0sp1/quartus/libraries/megafunctions/altram.tdf Line: 451
Warning (287019): Symbolic name "eq" is used but not defined as a group -- attempted to use existing nodes
Error (287093): Symbolic name "eq2" must be port of megafunction, macrofunction, primitive, or state machine "decode" File: c:/altera/13.0sp1/quartus/libraries/megafunctions/altram.tdf Line: 451
Error (287093): Symbolic name "eq2" must be port of megafunction, macrofunction, primitive, or state machine "decode" File: c:/altera/13.0sp1/quartus/libraries/megafunctions/altram.tdf Line: 451
Error (287084): Symbolic name "dffs" is used but not defined as a group File: c:/altera/13.0sp1/quartus/libraries/megafunctions/altram.tdf Line: 450
Error (287114): Groups cannot be assigned to nodes File: c:/altera/13.0sp1/quartus/libraries/megafunctions/altram.tdf Line: 450
Error (287084): Symbolic name "dffs" is used but not defined as a group File: c:/altera/13.0sp1/quartus/libraries/megafunctions/altram.tdf Line: 451
Warning (287019): Symbolic name "eq" is used but not defined as a group -- attempted to use existing nodes
Error (287093): Symbolic name "eq3" must be port of megafunction, macrofunction, primitive, or state machine "decode" File: c:/altera/13.0sp1/quartus/libraries/megafunctions/altram.tdf Line: 451
Error (287093): Symbolic name "eq3" must be port of megafunction, macrofunction, primitive, or state machine "decode" File: c:/altera/13.0sp1/quartus/libraries/megafunctions/altram.tdf Line: 451
Error (287084): Symbolic name "dffs" is used but not defined as a group File: c:/altera/13.0sp1/quartus/libraries/megafunctions/altram.tdf Line: 450
Error (287114): Groups cannot be assigned to nodes File: c:/altera/13.0sp1/quartus/libraries/megafunctions/altram.tdf Line: 450
Error (287084): Symbolic name "dffs" is used but not defined as a group File: c:/altera/13.0sp1/quartus/libraries/megafunctions/altram.tdf Line: 451
Warning (287019): Symbolic name "eq" is used but not defined as a group -- attempted to use existing nodes
Error (287093): Symbolic name "eq4" must be port of megafunction, macrofunction, primitive, or state machine "decode" File: c:/altera/13.0sp1/quartus/libraries/megafunctions/altram.tdf Line: 451
Error (287093): Symbolic name "eq4" must be port of megafunction, macrofunction, primitive, or state machine "decode" File: c:/altera/13.0sp1/quartus/libraries/megafunctions/altram.tdf Line: 451
Error (287084): Symbolic name "dffs" is used but not defined as a group File: c:/altera/13.0sp1/quartus/libraries/megafunctions/altram.tdf Line: 450
Error (287114): Groups cannot be assigned to nodes File: c:/altera/13.0sp1/quartus/libraries/megafunctions/altram.tdf Line: 450
Error (287084): Symbolic name "dffs" is used but not defined as a group File: c:/altera/13.0sp1/quartus/libraries/megafunctions/altram.tdf Line: 451
Warning (287019): Symbolic name "eq" is used but not defined as a group -- attempted to use existing nodes
Error (287093): Symbolic name "eq5" must be port of megafunction, macrofunction, primitive, or state machine "decode" File: c:/altera/13.0sp1/quartus/libraries/megafunctions/altram.tdf Line: 451
Error (287093): Symbolic name "eq5" must be port of megafunction, macrofunction, primitive, or state machine "decode" File: c:/altera/13.0sp1/quartus/libraries/megafunctions/altram.tdf Line: 451
Error (287084): Symbolic name "dffs" is used but not defined as a group File: c:/altera/13.0sp1/quartus/libraries/megafunctions/altram.tdf Line: 450
Error (287114): Groups cannot be assigned to nodes File: c:/altera/13.0sp1/quartus/libraries/megafunctions/altram.tdf Line: 450
Error (287084): Symbolic name "dffs" is used but not defined as a group File: c:/altera/13.0sp1/quartus/libraries/megafunctions/altram.tdf Line: 451
Warning (287019): Symbolic name "eq" is used but not defined as a group -- attempted to use existing nodes
Error (287093): Symbolic name "eq6" must be port of megafunction, macrofunction, primitive, or state machine "decode" File: c:/altera/13.0sp1/quartus/libraries/megafunctions/altram.tdf Line: 451
Error (287093): Symbolic name "eq6" must be port of megafunction, macrofunction, primitive, or state machine "decode" File: c:/altera/13.0sp1/quartus/libraries/megafunctions/altram.tdf Line: 451
Error (287084): Symbolic name "dffs" is used but not defined as a group File: c:/altera/13.0sp1/quartus/libraries/megafunctions/altram.tdf Line: 450
Error (287114): Groups cannot be assigned to nodes File: c:/altera/13.0sp1/quartus/libraries/megafunctions/altram.tdf Line: 450
Error (287084): Symbolic name "dffs" is used but not defined as a group File: c:/altera/13.0sp1/quartus/libraries/megafunctions/altram.tdf Line: 451
Warning (287019): Symbolic name "eq" is used but not defined as a group -- attempted to use existing nodes
Error (287093): Symbolic name "eq7" must be port of megafunction, macrofunction, primitive, or state machine "decode" File: c:/altera/13.0sp1/quartus/libraries/megafunctions/altram.tdf Line: 451
Error (287093): Symbolic name "eq7" must be port of megafunction, macrofunction, primitive, or state machine "decode" File: c:/altera/13.0sp1/quartus/libraries/megafunctions/altram.tdf Line: 451
Error (287084): Symbolic name "dffs" is used but not defined as a group File: c:/altera/13.0sp1/quartus/libraries/megafunctions/altram.tdf Line: 450
Error (287114): Groups cannot be assigned to nodes File: c:/altera/13.0sp1/quartus/libraries/megafunctions/altram.tdf Line: 450
Error (287084): Symbolic name "dffs" is used but not defined as a group File: c:/altera/13.0sp1/quartus/libraries/megafunctions/altram.tdf Line: 451
Warning (287019): Symbolic name "eq" is used but not defined as a group -- attempted to use existing nodes
Error (287093): Symbolic name "eq8" must be port of megafunction, macrofunction, primitive, or state machine "decode" File: c:/altera/13.0sp1/quartus/libraries/megafunctions/altram.tdf Line: 451
Error (287093): Symbolic name "eq8" must be port of megafunction, macrofunction, primitive, or state machine "decode" File: c:/altera/13.0sp1/quartus/libraries/megafunctions/altram.tdf Line: 451
Error (287084): Symbolic name "dffs" is used but not defined as a group File: c:/altera/13.0sp1/quartus/libraries/megafunctions/altram.tdf Line: 450
Error (287114): Groups cannot be assigned to nodes File: c:/altera/13.0sp1/quartus/libraries/megafunctions/altram.tdf Line: 450
Error (287084): Symbolic name "dffs" is used but not defined as a group File: c:/altera/13.0sp1/quartus/libraries/megafunctions/altram.tdf Line: 451
Warning (287019): Symbolic name "eq" is used but not defined as a group -- attempted to use existing nodes
Error (287093): Symbolic name "eq9" must be port of megafunction, macrofunction, primitive, or state machine "decode" File: c:/altera/13.0sp1/quartus/libraries/megafunctions/altram.tdf Line: 451
Error (287093): Symbolic name "eq9" must be port of megafunction, macrofunction, primitive, or state machine "decode" File: c:/altera/13.0sp1/quartus/libraries/megafunctions/altram.tdf Line: 451
Error (287084): Symbolic name "dffs" is used but not defined as a group File: c:/altera/13.0sp1/quartus/libraries/megafunctions/altram.tdf Line: 450
Error (287114): Groups cannot be assigned to nodes File: c:/altera/13.0sp1/quartus/libraries/megafunctions/altram.tdf Line: 450
Error (287084): Symbolic name "dffs" is used but not defined as a group File: c:/altera/13.0sp1/quartus/libraries/megafunctions/altram.tdf Line: 451
Warning (287019): Symbolic name "eq" is used but not defined as a group -- attempted to use existing nodes
Error (287093): Symbolic name "eq10" must be port of megafunction, macrofunction, primitive, or state machine "decode" File: c:/altera/13.0sp1/quartus/libraries/megafunctions/altram.tdf Line: 451
Error (287093): Symbolic name "eq10" must be port of megafunction, macrofunction, primitive, or state machine "decode" File: c:/altera/13.0sp1/quartus/libraries/megafunctions/altram.tdf Line: 451
Error (287084): Symbolic name "dffs" is used but not defined as a group File: c:/altera/13.0sp1/quartus/libraries/megafunctions/altram.tdf Line: 450
Error (287114): Groups cannot be assigned to nodes File: c:/altera/13.0sp1/quartus/libraries/megafunctions/altram.tdf Line: 450
Error (287084): Symbolic name "dffs" is used but not defined as a group File: c:/altera/13.0sp1/quartus/libraries/megafunctions/altram.tdf Line: 451
Warning (287019): Symbolic name "eq" is used but not defined as a group -- attempted to use existing nodes
Error (287093): Symbolic name "eq11" must be port of megafunction, macrofunction, primitive, or state machine "decode" File: c:/altera/13.0sp1/quartus/libraries/megafunctions/altram.tdf Line: 451
Error (287093): Symbolic name "eq11" must be port of megafunction, macrofunction, primitive, or state machine "decode" File: c:/altera/13.0sp1/quartus/libraries/megafunctions/altram.tdf Line: 451
Error (287084): Symbolic name "dffs" is used but not defined as a group File: c:/altera/13.0sp1/quartus/libraries/megafunctions/altram.tdf Line: 450
Error (287114): Groups cannot be assigned to nodes File: c:/altera/13.0sp1/quartus/libraries/megafunctions/altram.tdf Line: 450
Error (287084): Symbolic name "dffs" is used but not defined as a group File: c:/altera/13.0sp1/quartus/libraries/megafunctions/altram.tdf Line: 451
Warning (287019): Symbolic name "eq" is used but not defined as a group -- attempted to use existing nodes
Error (287093): Symbolic name "eq12" must be port of megafunction, macrofunction, primitive, or state machine "decode" File: c:/altera/13.0sp1/quartus/libraries/megafunctions/altram.tdf Line: 451
Error (287093): Symbolic name "eq12" must be port of megafunction, macrofunction, primitive, or state machine "decode" File: c:/altera/13.0sp1/quartus/libraries/megafunctions/altram.tdf Line: 451
Error (287084): Symbolic name "dffs" is used but not defined as a group File: c:/altera/13.0sp1/quartus/libraries/megafunctions/altram.tdf Line: 450
Error (287114): Groups cannot be assigned to nodes File: c:/altera/13.0sp1/quartus/libraries/megafunctions/altram.tdf Line: 450
Error (287084): Symbolic name "dffs" is used but not defined as a group File: c:/altera/13.0sp1/quartus/libraries/megafunctions/altram.tdf Line: 451
Warning (287019): Symbolic name "eq" is used but not defined as a group -- attempted to use existing nodes
Error (287093): Symbolic name "eq13" must be port of megafunction, macrofunction, primitive, or state machine "decode" File: c:/altera/13.0sp1/quartus/libraries/megafunctions/altram.tdf Line: 451
Error (287093): Symbolic name "eq13" must be port of megafunction, macrofunction, primitive, or state machine "decode" File: c:/altera/13.0sp1/quartus/libraries/megafunctions/altram.tdf Line: 451
Error (287084): Symbolic name "dffs" is used but not defined as a group File: c:/altera/13.0sp1/quartus/libraries/megafunctions/altram.tdf Line: 450
Error (287114): Groups cannot be assigned to nodes File: c:/altera/13.0sp1/quartus/libraries/megafunctions/altram.tdf Line: 450
Error (287084): Symbolic name "dffs" is used but not defined as a group File: c:/altera/13.0sp1/quartus/libraries/megafunctions/altram.tdf Line: 451
Warning (287019): Symbolic name "eq" is used but not defined as a group -- attempted to use existing nodes
Error (287093): Symbolic name "eq14" must be port of megafunction, macrofunction, primitive, or state machine "decode" File: c:/altera/13.0sp1/quartus/libraries/megafunctions/altram.tdf Line: 451
Error (287093): Symbolic name "eq14" must be port of megafunction, macrofunction, primitive, or state machine "decode" File: c:/altera/13.0sp1/quartus/libraries/megafunctions/altram.tdf Line: 451
Error (287084): Symbolic name "dffs" is used but not defined as a group File: c:/altera/13.0sp1/quartus/libraries/megafunctions/altram.tdf Line: 450
Error (287114): Groups cannot be assigned to nodes File: c:/altera/13.0sp1/quartus/libraries/megafunctions/altram.tdf Line: 450
Error (287084): Symbolic name "dffs" is used but not defined as a group File: c:/altera/13.0sp1/quartus/libraries/megafunctions/altram.tdf Line: 451
Warning (287019): Symbolic name "eq" is used but not defined as a group -- attempted to use existing nodes
Error (287093): Symbolic name "eq15" must be port of megafunction, macrofunction, primitive, or state machine "decode" File: c:/altera/13.0sp1/quartus/libraries/megafunctions/altram.tdf Line: 451
Error (287093): Symbolic name "eq15" must be port of megafunction, macrofunction, primitive, or state machine "decode" File: c:/altera/13.0sp1/quartus/libraries/megafunctions/altram.tdf Line: 451
Error (287084): Symbolic name "dffs" is used but not defined as a group File: c:/altera/13.0sp1/quartus/libraries/megafunctions/altram.tdf Line: 450
Error (287114): Groups cannot be assigned to nodes File: c:/altera/13.0sp1/quartus/libraries/megafunctions/altram.tdf Line: 450
Error (287084): Symbolic name "dffs" is used but not defined as a group File: c:/altera/13.0sp1/quartus/libraries/megafunctions/altram.tdf Line: 451
Warning (287019): Symbolic name "eq" is used but not defined as a group -- attempted to use existing nodes
Error (287093): Symbolic name "eq16" must be port of megafunction, macrofunction, primitive, or state machine "decode" File: c:/altera/13.0sp1/quartus/libraries/megafunctions/altram.tdf Line: 451
Error (287093): Symbolic name "eq16" must be port of megafunction, macrofunction, primitive, or state machine "decode" File: c:/altera/13.0sp1/quartus/libraries/megafunctions/altram.tdf Line: 451
Error (287130): Canceled analysis of design entity "altram" -- number of errors in Text Design File for entity cannot exceed maximum of 100
Warning (287013): Variable or input pin "clocko" is defined but never used.
Error (12152): Can't elaborate user hierarchy "lpm_ram_dq:mgl_prim1|altram:sram" File: c:/altera/13.0sp1/quartus/libraries/megafunctions/lpm_ram_dq.tdf Line: 101
Error: Quartus II 64-Bit Analysis & Synthesis was unsuccessful. 103 errors, 20 warnings
    Error: Peak virtual memory: 450 megabytes
    Error: Processing ended: Thu Dec 01 16:14:37 2016
    Error: Elapsed time: 00:00:01
    Error: Total CPU time (on all processors): 00:00:01


